
ROM used:   76/8192 (1%)
            76/8192 (1%) including unused fragments

            0.1 Average locations per line
            9.5 Average locations per statement

RAM used:   6/368 (2%) at main() level
            7/368 (2%) worst case

Stack used: 0 worst case (0 in main + 0 for interrupts)
Stack size: 8

Lines Stmts  %   Files
----- ----- ---  -----
   40     8 100  Blink led.c
  786     0   0  ..\..\..\..\..\Program Files\PICC\Devices\16F887.h
----- -----
  826     8 Total

Page ROM  %  RAM    Vol Diff  Functions:
---- --- --- ---    --- ----  ----------
0     20  26    1             @delay_ms1
0      7   9    0     21  0.9  SisInit
0     45  59    1    106  1.7  MAIN
 Inline         0             @cinit1

Program metrics:
    Functions               2
    Statements              8
    Comments                160
    Volume (V)              157
    Difficulty (D)          2.5
    Effort to implement (E) 384
    Time to implement (T)   0 minutes
    Est Delivered Bugs (B)  0
    Cyclomatic Complexity   1
    Maintainability (MI)    174

 Segment     Used  Free
-----------  ----  ----
00000-00003     4  0  
00004-007FF    72  1972  
00800-00FFF     0  2048  
01000-017FF     0  2048  
01800-01FFF     0  2048  



