
ROM used:   61/8192 (1%)
            61/8192 (1%) including unused fragments

            0.1 Average locations per line
            8.7 Average locations per statement

RAM used:   6/368 (2%) at main() level
            7/368 (2%) worst case

Stack used: 0 worst case (0 in main + 0 for interrupts)
Stack size: 8

Lines Stmts  %   Files
----- ----- ---  -----
   33     7 100  Blink led.c
  708     0   0  ..\..\..\..\..\..\..\..\..\..\Program Files (x86)\PICCDEMO\Devices\16F877A.h
----- -----
  741     7 Total

Page ROM  %  RAM    Vol Diff  Functions:
---- --- --- ---    --- ----  ----------
0     20  33    1             @delay_ms1
0     37  61    1    113  1.7  main
 Inline         0    106  1.7  @cinit1

Program metrics:
    Functions               2
    Statements              7
    Comments                157
    Volume (V)              274
    Difficulty (D)          3.3
    Effort to implement (E) 900
    Time to implement (T)   1 minutes
    Est Delivered Bugs (B)  0
    Cyclomatic Complexity   1
    Maintainability (MI)    171

 Segment     Used  Free
-----------  ----  ----
00000-00003     4  0  
00004-007FF    57  1987  
00800-00FFF     0  2048  
01000-017FF     0  2048  
01800-01FFF     0  2048  



